0 info it worked if it ends with ok
1 verbose cli [ '/Users/zhu/git/nvm/versions/node/v6.4.0/bin/node',
1 verbose cli   '/Users/zhu/git/nvm/versions/node/v6.4.0/bin/npm',
1 verbose cli   'run',
1 verbose cli   'server' ]
2 info using npm@3.10.3
3 info using node@v6.4.0
4 verbose run-script [ 'preserver', 'server', 'postserver' ]
5 info lifecycle webpack-d3js@1.0.0~preserver: webpack-d3js@1.0.0
6 silly lifecycle webpack-d3js@1.0.0~preserver: no script for preserver, continuing
7 info lifecycle webpack-d3js@1.0.0~server: webpack-d3js@1.0.0
8 verbose lifecycle webpack-d3js@1.0.0~server: unsafe-perm in lifecycle true
9 verbose lifecycle webpack-d3js@1.0.0~server: PATH: /Users/zhu/git/nvm/versions/node/v6.4.0/lib/node_modules/npm/bin/node-gyp-bin:/Users/zhu/Work/d3-tip-demo/node_modules/.bin:/Users/zhu/git/nvm/versions/node/v6.4.0/bin:/Users/zhu/git/nvm/versions/node/v6.4.0/lib/node_modules/npm/bin/node-gyp-bin:/Users/zhu/Work/d3-tip-demo/node_modules/.bin:/Users/zhu/git/nvm/versions/node/v6.4.0/bin:/Users/zhu/.rvm/gems/ruby-2.3.0/bin:/Users/zhu/.rvm/gems/ruby-2.3.0@global/bin:/Users/zhu/.rvm/rubies/ruby-2.3.0/bin:/Users/zhu/.autojump/bin:/Users/zhu/.autojump/bin:/Users/zhu/git/nvm/versions/node/v6.4.0/bin:/Users/zhu/.npm-global/bin:/Users/zhu/.autojump/bin:/usr/local/bin:/usr/bin:/bin:/usr/sbin:/sbin:/usr/local/bin:/usr/bin:/bin:/usr/sbin:/sbin:/Users/zhu/.rvm/bin
10 verbose lifecycle webpack-d3js@1.0.0~server: CWD: /Users/zhu/Work/d3-tip-demo
11 silly lifecycle webpack-d3js@1.0.0~server: Args: [ '-c', 'webpack-dev-server' ]
12 silly lifecycle webpack-d3js@1.0.0~server: Returned: code: 1  signal: null
13 info lifecycle webpack-d3js@1.0.0~server: Failed to exec server script
14 verbose stack Error: webpack-d3js@1.0.0 server: `webpack-dev-server`
14 verbose stack Exit status 1
14 verbose stack     at EventEmitter.<anonymous> (/Users/zhu/git/nvm/versions/node/v6.4.0/lib/node_modules/npm/lib/utils/lifecycle.js:242:16)
14 verbose stack     at emitTwo (events.js:106:13)
14 verbose stack     at EventEmitter.emit (events.js:191:7)
14 verbose stack     at ChildProcess.<anonymous> (/Users/zhu/git/nvm/versions/node/v6.4.0/lib/node_modules/npm/lib/utils/spawn.js:40:14)
14 verbose stack     at emitTwo (events.js:106:13)
14 verbose stack     at ChildProcess.emit (events.js:191:7)
14 verbose stack     at maybeClose (internal/child_process.js:852:16)
14 verbose stack     at Process.ChildProcess._handle.onexit (internal/child_process.js:215:5)
15 verbose pkgid webpack-d3js@1.0.0
16 verbose cwd /Users/zhu/Work/d3-tip-demo
17 error Darwin 15.0.0
18 error argv "/Users/zhu/git/nvm/versions/node/v6.4.0/bin/node" "/Users/zhu/git/nvm/versions/node/v6.4.0/bin/npm" "run" "server"
19 error node v6.4.0
20 error npm  v3.10.3
21 error code ELIFECYCLE
22 error webpack-d3js@1.0.0 server: `webpack-dev-server`
22 error Exit status 1
23 error Failed at the webpack-d3js@1.0.0 server script 'webpack-dev-server'.
23 error Make sure you have the latest version of node.js and npm installed.
23 error If you do, this is most likely a problem with the webpack-d3js package,
23 error not with npm itself.
23 error Tell the author that this fails on your system:
23 error     webpack-dev-server
23 error You can get information on how to open an issue for this project with:
23 error     npm bugs webpack-d3js
23 error Or if that isn't available, you can get their info via:
23 error     npm owner ls webpack-d3js
23 error There is likely additional logging output above.
24 verbose exit [ 1, true ]
